<?xml version="1.0" encoding="UTF-8"?>
<testsuite xmlns:xsi="http://www.w3.org/2001/XMLSchema-instance" xsi:noNamespaceSchemaLocation="https://maven.apache.org/surefire/maven-surefire-plugin/xsd/surefire-test-report-3.0.xsd" version="3.0" name="com.billingsystem.InvoiceMaster.InvoiceMasterApplicationTests" time="1.042" tests="1" errors="0" skipped="0" failures="0">
  <properties>
[...]
</properties>
  <testcase name="contextLoads" classname="com.billingsystem.InvoiceMaster.InvoiceMasterApplicationTests" time="0.385">
    <system-out><![CDATA[Standard Commons Logging discovery in action with spring-jcl: please remove commons-logging.jar from classpath in order to avoid potential conflicts
15:33:56.416 [main] INFO org.springframework.test.context.support.AnnotationConfigContextLoaderUtils -- Could not detect default configuration classes for test class [com.billingsystem.InvoiceMaster.InvoiceMasterApplicationTests]: InvoiceMasterApplicationTests does not declare any static, non-private, non-final, nested classes annotated with @Configuration.
15:33:56.456 [main] INFO org.springframework.boot.test.context.SpringBootTestContextBootstrapper -- Found @SpringBootConfiguration com.billingsystem.InvoiceMaster.InvoiceMasterApplication for test class com.billingsystem.InvoiceMaster.InvoiceMasterApplicationTests

  .   ____          _            __ _ _
 /\\ / ___'_ __ _ _(_)_ __  __ _ \ \ \ \
( ( )\___ | '_ | '_| | '_ \/ _` | \ \ \ \
 \\/  ___)| |_)| | | | | || (_| |  ) ) ) )
  '  |____| .__|_| |_|_| |_\__, | / / / /
 =========|_|==============|___/=/_/_/_/

 :: Spring Boot ::                (v3.3.5)

2024-11-06T15:33:56.600+05:30  INFO 6669 --- [InvoiceMaster] [           main] c.b.I.InvoiceMasterApplicationTests      : Starting InvoiceMasterApplicationTests using Java 23.0.1 with PID 6669 (started by anitageorge in /Users/anitageorge/Downloads/JAVA/Gitlab/Invoicer)
2024-11-06T15:33:56.601+05:30  INFO 6669 --- [InvoiceMaster] [           main] c.b.I.InvoiceMasterApplicationTests      : No active profile set, falling back to 1 default profile: "default"
2024-11-06T15:33:56.994+05:30  INFO 6669 --- [InvoiceMaster] [           main] c.b.I.InvoiceMasterApplicationTests      : Started InvoiceMasterApplicationTests in 0.489 seconds (process running for 0.847)
]]></system-out>
    <system-err><![CDATA[WARNING: A Java agent has been loaded dynamically (/Users/anitageorge/.m2/repository/net/bytebuddy/byte-buddy-agent/1.14.19/byte-buddy-agent-1.14.19.jar)
WARNING: If a serviceability tool is in use, please run with -XX:+EnableDynamicAgentLoading to hide this warning
WARNING: If a serviceability tool is not in use, please run with -Djdk.instrument.traceUsage for more information
WARNING: Dynamic loading of agents will be disallowed by default in a future release
]]></system-err>
  </testcase>
</testsuite>